Mono path[0] = '/home/ubuntu/safari_linux/safari_ver1_Data/Managed'
Mono config path = '/home/ubuntu/safari_linux/safari_ver1_Data/MonoBleedingEdge/etc'
Preloaded 'lib_burst_generated.so'
Preloaded 'libgrpc_csharp_ext.x64.so'
Initialize engine version: 2020.3.25f1 (9b9180224418)
[Subsystems] Discovering subsystems at path /home/ubuntu/safari_linux/safari_ver1_Data/UnitySubsystems
Forcing GfxDevice: Null
GfxDevice: creating device client; threaded=0
NullGfxDevice:
    Version:  NULL 1.0 [1.0]
    Renderer: Null Device
    Vendor:   Unity Technologies
ALSA lib confmisc.c:767:(parse_card) cannot find card '0'
ALSA lib conf.c:4528:(_snd_config_evaluate) function snd_func_card_driver returned error: No such file or directory
ALSA lib confmisc.c:392:(snd_func_concat) error evaluating strings
ALSA lib conf.c:4528:(_snd_config_evaluate) function snd_func_concat returned error: No such file or directory
ALSA lib confmisc.c:1246:(snd_func_refer) error evaluating name
ALSA lib conf.c:4528:(_snd_config_evaluate) function snd_func_refer returned error: No such file or directory
ALSA lib conf.c:5007:(snd_config_expand) Evaluate error: No such file or directory
ALSA lib pcm.c:2495:(snd_pcm_open_noupdate) Unknown PCM default
FMOD failed to initialize the output device.: "Error initializing output device. " (60)
Forced to initialize FMOD to to the device driver's system output rate 48000, this may impact performance and/or give inconsistent experiences compared to selected sample rate 48000
ALSA lib confmisc.c:767:(parse_card) cannot find card '0'
ALSA lib conf.c:4528:(_snd_config_evaluate) function snd_func_card_driver returned error: No such file or directory
ALSA lib confmisc.c:392:(snd_func_concat) error evaluating strings
ALSA lib conf.c:4528:(_snd_config_evaluate) function snd_func_concat returned error: No such file or directory
ALSA lib confmisc.c:1246:(snd_func_refer) error evaluating name
ALSA lib conf.c:4528:(_snd_config_evaluate) function snd_func_refer returned error: No such file or directory
ALSA lib conf.c:5007:(snd_config_expand) Evaluate error: No such file or directory
ALSA lib pcm.c:2495:(snd_pcm_open_noupdate) Unknown PCM default
FMOD failed to initialize the output device.: "Error initializing output device. " (60)
FMOD initialized on nosound output
Begin MonoManager ReloadAssembly
- Completed reload, in  0.086 seconds
ERROR: Shader Sprites/Default shader is not supported on this GPU (none of subshaders/fallbacks are suitable)
ERROR: Shader Sprites/Mask shader is not supported on this GPU (none of subshaders/fallbacks are suitable)
ERROR: Shader Legacy Shaders/Particles/Alpha Blended Premultiply shader is not supported on this GPU (none of subshaders/fallbacks are suitable)
UnloadTime: 0.780882 ms
Fallback handler could not load library /home/ubuntu/safari_linux/safari_ver1_Data/Mono/libcoreclr.so
Fallback handler could not load library /home/ubuntu/safari_linux/safari_ver1_Data/Mono/libcoreclr.so
Fallback handler could not load library /home/ubuntu/safari_linux/safari_ver1_Data/Mono/libcoreclr.so
Fallback handler could not load library /home/ubuntu/safari_linux/safari_ver1_Data/Mono/libSystem.dylib
Fallback handler could not load library /home/ubuntu/safari_linux/safari_ver1_Data/Mono/libSystem.dylib.so
Fallback handler could not load library /home/ubuntu/safari_linux/safari_ver1_Data/Mono/libSystem.dylib
Fallback handler could not load library /home/ubuntu/safari_linux/safari_ver1_Data/Mono/libcoreclr.so
Fallback handler could not load library /home/ubuntu/safari_linux/safari_ver1_Data/Mono/libcoreclr.so
Fallback handler could not load library /home/ubuntu/safari_linux/safari_ver1_Data/Mono/libcoreclr.so
Fallback handler could not load library /home/ubuntu/safari_linux/safari_ver1_Data/Mono/libSystem.dylib
Fallback handler could not load library /home/ubuntu/safari_linux/safari_ver1_Data/Mono/libSystem.dylib.so
Fallback handler could not load library /home/ubuntu/safari_linux/safari_ver1_Data/Mono/libSystem.dylib
requesting resize 720 x 480
Setting up 4 worker threads for Enlighten.
  Thread -> id: 7f06a3fff700 -> priority: 1 
  Thread -> id: 7f06d1e49700 -> priority: 1 
  Thread -> id: 7f06a37fe700 -> priority: 1 
  Thread -> id: 7f06a2ffd700 -> priority: 1 
